{"/home/tsatsral/Documents/lms-websystem /server/src/routes/auth.ts": {"path":"/home/tsatsral/Documents/lms-websystem /server/src/routes/auth.ts","statementMap":{"0":{"start":{"line":1,"column":0},"end":{"line":1,"column":52}},"1":{"start":{"line":2,"column":0},"end":{"line":2,"column":30}},"2":{"start":{"line":3,"column":0},"end":{"line":3,"column":31}},"3":{"start":{"line":4,"column":0},"end":{"line":4,"column":26}},"4":{"start":{"line":6,"column":15},"end":{"line":6,"column":23}},"5":{"start":{"line":7,"column":13},"end":{"line":7,"column":69}},"6":{"start":{"line":9,"column":0},"end":{"line":40,"column":3}},"7":{"start":{"line":10,"column":2},"end":{"line":39,"column":3}},"8":{"start":{"line":11,"column":32},"end":{"line":11,"column":40}},"9":{"start":{"line":12,"column":19},"end":{"line":12,"column":84}},"10":{"start":{"line":14,"column":4},"end":{"line":16,"column":5}},"11":{"start":{"line":15,"column":6},"end":{"line":15,"column":90}},"12":{"start":{"line":18,"column":17},"end":{"line":18,"column":31}},"13":{"start":{"line":19,"column":26},"end":{"line":19,"column":71}},"14":{"start":{"line":21,"column":4},"end":{"line":23,"column":5}},"15":{"start":{"line":22,"column":6},"end":{"line":22,"column":90}},"16":{"start":{"line":25,"column":18},"end":{"line":28,"column":null}},"17":{"start":{"line":31,"column":4},"end":{"line":35,"column":7}},"18":{"start":{"line":37,"column":4},"end":{"line":37,"column":38}},"19":{"start":{"line":38,"column":4},"end":{"line":38,"column":68}},"20":{"start":{"line":42,"column":0},"end":{"line":67,"column":3}},"21":{"start":{"line":43,"column":2},"end":{"line":66,"column":3}},"22":{"start":{"line":44,"column":56},"end":{"line":44,"column":64}},"23":{"start":{"line":45,"column":27},"end":{"line":45,"column":58}},"24":{"start":{"line":47,"column":19},"end":{"line":49,"column":null}},"25":{"start":{"line":52,"column":17},"end":{"line":52,"column":31}},"26":{"start":{"line":53,"column":18},"end":{"line":56,"column":null}},"27":{"start":{"line":59,"column":4},"end":{"line":59,"column":45}},"28":{"start":{"line":61,"column":4},"end":{"line":63,"column":5}},"29":{"start":{"line":62,"column":6},"end":{"line":62,"column":87}},"30":{"start":{"line":64,"column":4},"end":{"line":64,"column":38}},"31":{"start":{"line":65,"column":4},"end":{"line":65,"column":68}},"32":{"start":{"line":69,"column":0},"end":{"line":81,"column":3}},"33":{"start":{"line":70,"column":2},"end":{"line":80,"column":3}},"34":{"start":{"line":71,"column":18},"end":{"line":71,"column":58}},"35":{"start":{"line":72,"column":4},"end":{"line":72,"column":88}},"36":{"start":{"line":72,"column":16},"end":{"line":72,"column":88}},"37":{"start":{"line":74,"column":25},"end":{"line":74,"column":78}},"38":{"start":{"line":75,"column":19},"end":{"line":75,"column":106}},"39":{"start":{"line":77,"column":4},"end":{"line":77,"column":54}},"40":{"start":{"line":79,"column":4},"end":{"line":79,"column":70}},"41":{"start":{"line":83,"column":0},"end":{"line":83,"column":22}}},"fnMap":{"0":{"name":"(anonymous_1)","decl":{"start":{"line":9,"column":22},"end":{"line":9,"column":27}},"loc":{"start":{"line":9,"column":60},"end":{"line":40,"column":1}}},"1":{"name":"(anonymous_2)","decl":{"start":{"line":42,"column":25},"end":{"line":42,"column":30}},"loc":{"start":{"line":42,"column":63},"end":{"line":67,"column":1}}},"2":{"name":"(anonymous_3)","decl":{"start":{"line":69,"column":18},"end":{"line":69,"column":23}},"loc":{"start":{"line":69,"column":56},"end":{"line":81,"column":1}}}},"branchMap":{"0":{"loc":{"start":{"line":14,"column":4},"end":{"line":16,"column":5}},"type":"if","locations":[{"start":{"line":14,"column":4},"end":{"line":16,"column":5}},{"start":{},"end":{}}]},"1":{"loc":{"start":{"line":21,"column":4},"end":{"line":23,"column":5}},"type":"if","locations":[{"start":{"line":21,"column":4},"end":{"line":23,"column":5}},{"start":{},"end":{}}]},"2":{"loc":{"start":{"line":27,"column":6},"end":{"line":27,"column":40}},"type":"binary-expr","locations":[{"start":{"line":27,"column":6},"end":{"line":27,"column":28}},{"start":{"line":27,"column":32},"end":{"line":27,"column":40}}]},"3":{"loc":{"start":{"line":44,"column":35},"end":{"line":44,"column":51}},"type":"default-arg","locations":[{"start":{"line":44,"column":42},"end":{"line":44,"column":51}}]},"4":{"loc":{"start":{"line":55,"column":6},"end":{"line":55,"column":40}},"type":"binary-expr","locations":[{"start":{"line":55,"column":6},"end":{"line":55,"column":28}},{"start":{"line":55,"column":32},"end":{"line":55,"column":40}}]},"5":{"loc":{"start":{"line":61,"column":4},"end":{"line":63,"column":5}},"type":"if","locations":[{"start":{"line":61,"column":4},"end":{"line":63,"column":5}},{"start":{},"end":{}}]},"6":{"loc":{"start":{"line":72,"column":4},"end":{"line":72,"column":88}},"type":"if","locations":[{"start":{"line":72,"column":4},"end":{"line":72,"column":88}},{"start":{},"end":{}}]},"7":{"loc":{"start":{"line":74,"column":43},"end":{"line":74,"column":77}},"type":"binary-expr","locations":[{"start":{"line":74,"column":43},"end":{"line":74,"column":65}},{"start":{"line":74,"column":69},"end":{"line":74,"column":77}}]}},"s":{"0":1,"1":1,"2":1,"3":1,"4":1,"5":1,"6":1,"7":4,"8":4,"9":4,"10":3,"11":1,"12":2,"13":2,"14":2,"15":1,"16":1,"17":1,"18":1,"19":1,"20":1,"21":4,"22":4,"23":4,"24":4,"25":2,"26":2,"27":2,"28":2,"29":1,"30":1,"31":1,"32":1,"33":4,"34":4,"35":4,"36":1,"37":3,"38":1,"39":1,"40":2,"41":1},"f":{"0":4,"1":4,"2":4},"b":{"0":[1,2],"1":[1,1],"2":[1,0],"3":[4],"4":[2,0],"5":[1,1],"6":[1,3],"7":[3,0]}}
,"/home/tsatsral/Documents/lms-websystem /server/src/routes/courses.ts": {"path":"/home/tsatsral/Documents/lms-websystem /server/src/routes/courses.ts","statementMap":{"0":{"start":{"line":1,"column":0},"end":{"line":1,"column":52}},"1":{"start":{"line":2,"column":0},"end":{"line":2,"column":26}},"2":{"start":{"line":4,"column":15},"end":{"line":4,"column":23}},"3":{"start":{"line":5,"column":13},"end":{"line":5,"column":69}},"4":{"start":{"line":8,"column":0},"end":{"line":22,"column":69}},"5":{"start":{"line":22,"column":18},"end":{"line":22,"column":67}},"6":{"start":{"line":24,"column":0},"end":{"line":40,"column":79}},"7":{"start":{"line":40,"column":18},"end":{"line":40,"column":77}},"8":{"start":{"line":43,"column":0},"end":{"line":60,"column":3}},"9":{"start":{"line":44,"column":2},"end":{"line":59,"column":3}},"10":{"start":{"line":45,"column":19},"end":{"line":54,"column":6}},"11":{"start":{"line":55,"column":4},"end":{"line":55,"column":73}},"12":{"start":{"line":57,"column":4},"end":{"line":57,"column":48}},"13":{"start":{"line":58,"column":4},"end":{"line":58,"column":61}},"14":{"start":{"line":64,"column":0},"end":{"line":109,"column":3}},"15":{"start":{"line":65,"column":2},"end":{"line":108,"column":3}},"16":{"start":{"line":66,"column":23},"end":{"line":66,"column":60}},"17":{"start":{"line":68,"column":26},"end":{"line":69,"column":null}},"18":{"start":{"line":72,"column":4},"end":{"line":74,"column":5}},"19":{"start":{"line":73,"column":6},"end":{"line":73,"column":51}},"20":{"start":{"line":76,"column":20},"end":{"line":101,"column":null}},"21":{"start":{"line":78,"column":31},"end":{"line":78,"column":33}},"22":{"start":{"line":79,"column":8},"end":{"line":85,"column":9}},"23":{"start":{"line":80,"column":21},"end":{"line":82,"column":null}},"24":{"start":{"line":84,"column":10},"end":{"line":84,"column":41}},"25":{"start":{"line":87,"column":23},"end":{"line":87,"column":24}},"26":{"start":{"line":88,"column":8},"end":{"line":88,"column":58}},"27":{"start":{"line":88,"column":44},"end":{"line":88,"column":58}},"28":{"start":{"line":89,"column":8},"end":{"line":89,"column":58}},"29":{"start":{"line":89,"column":44},"end":{"line":89,"column":58}},"30":{"start":{"line":90,"column":8},"end":{"line":90,"column":58}},"31":{"start":{"line":90,"column":44},"end":{"line":90,"column":58}},"32":{"start":{"line":91,"column":8},"end":{"line":91,"column":59}},"33":{"start":{"line":91,"column":44},"end":{"line":91,"column":59}},"34":{"start":{"line":93,"column":8},"end":{"line":100,"column":10}},"35":{"start":{"line":104,"column":4},"end":{"line":104,"column":47}},"36":{"start":{"line":106,"column":4},"end":{"line":106,"column":55}},"37":{"start":{"line":107,"column":4},"end":{"line":107,"column":61}},"38":{"start":{"line":112,"column":0},"end":{"line":126,"column":3}},"39":{"start":{"line":113,"column":2},"end":{"line":125,"column":3}},"40":{"start":{"line":114,"column":19},"end":{"line":116,"column":null}},"41":{"start":{"line":118,"column":4},"end":{"line":120,"column":5}},"42":{"start":{"line":119,"column":6},"end":{"line":119,"column":69}},"43":{"start":{"line":121,"column":4},"end":{"line":121,"column":78}},"44":{"start":{"line":123,"column":4},"end":{"line":123,"column":47}},"45":{"start":{"line":124,"column":4},"end":{"line":124,"column":61}},"46":{"start":{"line":129,"column":0},"end":{"line":177,"column":3}},"47":{"start":{"line":130,"column":2},"end":{"line":176,"column":3}},"48":{"start":{"line":131,"column":21},"end":{"line":131,"column":42}},"49":{"start":{"line":140,"column":8},"end":{"line":140,"column":16}},"50":{"start":{"line":142,"column":4},"end":{"line":142,"column":56}},"51":{"start":{"line":142,"column":21},"end":{"line":142,"column":56}},"52":{"start":{"line":144,"column":4},"end":{"line":170,"column":7}},"53":{"start":{"line":172,"column":4},"end":{"line":172,"column":32}},"54":{"start":{"line":174,"column":4},"end":{"line":174,"column":59}},"55":{"start":{"line":175,"column":4},"end":{"line":175,"column":61}},"56":{"start":{"line":180,"column":0},"end":{"line":201,"column":3}},"57":{"start":{"line":181,"column":2},"end":{"line":200,"column":3}},"58":{"start":{"line":182,"column":82},"end":{"line":182,"column":90}},"59":{"start":{"line":183,"column":19},"end":{"line":194,"column":null}},"60":{"start":{"line":196,"column":4},"end":{"line":196,"column":56}},"61":{"start":{"line":198,"column":4},"end":{"line":198,"column":50}},"62":{"start":{"line":199,"column":4},"end":{"line":199,"column":84}},"63":{"start":{"line":204,"column":0},"end":{"line":236,"column":3}},"64":{"start":{"line":205,"column":2},"end":{"line":235,"column":3}},"65":{"start":{"line":206,"column":82},"end":{"line":206,"column":90}},"66":{"start":{"line":207,"column":19},"end":{"line":226,"column":null}},"67":{"start":{"line":228,"column":4},"end":{"line":230,"column":5}},"68":{"start":{"line":229,"column":6},"end":{"line":229,"column":81}},"69":{"start":{"line":231,"column":4},"end":{"line":231,"column":56}},"70":{"start":{"line":233,"column":4},"end":{"line":233,"column":50}},"71":{"start":{"line":234,"column":4},"end":{"line":234,"column":61}},"72":{"start":{"line":238,"column":0},"end":{"line":238,"column":22}}},"fnMap":{"0":{"name":"(anonymous_0)","decl":{"start":{"line":22,"column":9},"end":{"line":22,"column":10}},"loc":{"start":{"line":22,"column":18},"end":{"line":22,"column":67}}},"1":{"name":"(anonymous_1)","decl":{"start":{"line":40,"column":9},"end":{"line":40,"column":10}},"loc":{"start":{"line":40,"column":18},"end":{"line":40,"column":77}}},"2":{"name":"(anonymous_2)","decl":{"start":{"line":43,"column":16},"end":{"line":43,"column":21}},"loc":{"start":{"line":43,"column":55},"end":{"line":60,"column":1}}},"3":{"name":"(anonymous_3)","decl":{"start":{"line":64,"column":27},"end":{"line":64,"column":32}},"loc":{"start":{"line":64,"column":65},"end":{"line":109,"column":1}}},"4":{"name":"(anonymous_4)","decl":{"start":{"line":77,"column":29},"end":{"line":77,"column":34}},"loc":{"start":{"line":77,"column":46},"end":{"line":101,"column":7}}},"5":{"name":"(anonymous_5)","decl":{"start":{"line":112,"column":19},"end":{"line":112,"column":24}},"loc":{"start":{"line":112,"column":57},"end":{"line":126,"column":1}}},"6":{"name":"(anonymous_6)","decl":{"start":{"line":129,"column":30},"end":{"line":129,"column":35}},"loc":{"start":{"line":129,"column":68},"end":{"line":177,"column":1}}},"7":{"name":"(anonymous_7)","decl":{"start":{"line":180,"column":17},"end":{"line":180,"column":22}},"loc":{"start":{"line":180,"column":55},"end":{"line":201,"column":1}}},"8":{"name":"(anonymous_8)","decl":{"start":{"line":204,"column":19},"end":{"line":204,"column":24}},"loc":{"start":{"line":204,"column":57},"end":{"line":236,"column":1}}}},"branchMap":{"0":{"loc":{"start":{"line":66,"column":23},"end":{"line":66,"column":60}},"type":"binary-expr","locations":[{"start":{"line":66,"column":23},"end":{"line":66,"column":54}},{"start":{"line":66,"column":58},"end":{"line":66,"column":60}}]},"1":{"loc":{"start":{"line":72,"column":4},"end":{"line":74,"column":5}},"type":"if","locations":[{"start":{"line":72,"column":4},"end":{"line":74,"column":5}},{"start":{},"end":{}}]},"2":{"loc":{"start":{"line":79,"column":8},"end":{"line":85,"column":9}},"type":"if","locations":[{"start":{"line":79,"column":8},"end":{"line":85,"column":9}},{"start":{},"end":{}}]},"3":{"loc":{"start":{"line":84,"column":24},"end":{"line":84,"column":40}},"type":"binary-expr","locations":[{"start":{"line":84,"column":24},"end":{"line":84,"column":34}},{"start":{"line":84,"column":38},"end":{"line":84,"column":40}}]},"4":{"loc":{"start":{"line":88,"column":8},"end":{"line":88,"column":58}},"type":"if","locations":[{"start":{"line":88,"column":8},"end":{"line":88,"column":58}},{"start":{},"end":{}}]},"5":{"loc":{"start":{"line":89,"column":8},"end":{"line":89,"column":58}},"type":"if","locations":[{"start":{"line":89,"column":8},"end":{"line":89,"column":58}},{"start":{},"end":{}}]},"6":{"loc":{"start":{"line":90,"column":8},"end":{"line":90,"column":58}},"type":"if","locations":[{"start":{"line":90,"column":8},"end":{"line":90,"column":58}},{"start":{},"end":{}}]},"7":{"loc":{"start":{"line":91,"column":8},"end":{"line":91,"column":59}},"type":"if","locations":[{"start":{"line":91,"column":8},"end":{"line":91,"column":59}},{"start":{},"end":{}}]},"8":{"loc":{"start":{"line":95,"column":30},"end":{"line":95,"column":69}},"type":"binary-expr","locations":[{"start":{"line":95,"column":30},"end":{"line":95,"column":57}},{"start":{"line":95,"column":64},"end":{"line":95,"column":69}}]},"9":{"loc":{"start":{"line":96,"column":30},"end":{"line":96,"column":69}},"type":"binary-expr","locations":[{"start":{"line":96,"column":30},"end":{"line":96,"column":60}},{"start":{"line":96,"column":64},"end":{"line":96,"column":69}}]},"10":{"loc":{"start":{"line":97,"column":30},"end":{"line":97,"column":68}},"type":"binary-expr","locations":[{"start":{"line":97,"column":30},"end":{"line":97,"column":52}},{"start":{"line":97,"column":64},"end":{"line":97,"column":68}}]},"11":{"loc":{"start":{"line":98,"column":30},"end":{"line":98,"column":69}},"type":"binary-expr","locations":[{"start":{"line":98,"column":30},"end":{"line":98,"column":60}},{"start":{"line":98,"column":64},"end":{"line":98,"column":69}}]},"12":{"loc":{"start":{"line":118,"column":4},"end":{"line":120,"column":5}},"type":"if","locations":[{"start":{"line":118,"column":4},"end":{"line":120,"column":5}},{"start":{},"end":{}}]},"13":{"loc":{"start":{"line":142,"column":4},"end":{"line":142,"column":56}},"type":"if","locations":[{"start":{"line":142,"column":4},"end":{"line":142,"column":56}},{"start":{},"end":{}}]},"14":{"loc":{"start":{"line":164,"column":6},"end":{"line":164,"column":32}},"type":"binary-expr","locations":[{"start":{"line":164,"column":6},"end":{"line":164,"column":21}},{"start":{"line":164,"column":28},"end":{"line":164,"column":32}}]},"15":{"loc":{"start":{"line":165,"column":6},"end":{"line":165,"column":32}},"type":"binary-expr","locations":[{"start":{"line":165,"column":6},"end":{"line":165,"column":24}},{"start":{"line":165,"column":28},"end":{"line":165,"column":32}}]},"16":{"loc":{"start":{"line":166,"column":6},"end":{"line":166,"column":32}},"type":"binary-expr","locations":[{"start":{"line":166,"column":6},"end":{"line":166,"column":23}},{"start":{"line":166,"column":28},"end":{"line":166,"column":32}}]},"17":{"loc":{"start":{"line":167,"column":6},"end":{"line":167,"column":32}},"type":"binary-expr","locations":[{"start":{"line":167,"column":6},"end":{"line":167,"column":16}},{"start":{"line":167,"column":28},"end":{"line":167,"column":32}}]},"18":{"loc":{"start":{"line":168,"column":6},"end":{"line":168,"column":62}},"type":"cond-expr","locations":[{"start":{"line":168,"column":27},"end":{"line":168,"column":55}},{"start":{"line":168,"column":58},"end":{"line":168,"column":62}}]},"19":{"loc":{"start":{"line":169,"column":6},"end":{"line":169,"column":32}},"type":"binary-expr","locations":[{"start":{"line":169,"column":6},"end":{"line":169,"column":24}},{"start":{"line":169,"column":28},"end":{"line":169,"column":32}}]},"20":{"loc":{"start":{"line":188,"column":8},"end":{"line":188,"column":25}},"type":"binary-expr","locations":[{"start":{"line":188,"column":8},"end":{"line":188,"column":19}},{"start":{"line":188,"column":23},"end":{"line":188,"column":25}}]},"21":{"loc":{"start":{"line":189,"column":23},"end":{"line":189,"column":38}},"type":"binary-expr","locations":[{"start":{"line":189,"column":23},"end":{"line":189,"column":32}},{"start":{"line":189,"column":36},"end":{"line":189,"column":38}}]},"22":{"loc":{"start":{"line":190,"column":23},"end":{"line":190,"column":34}},"type":"binary-expr","locations":[{"start":{"line":190,"column":23},"end":{"line":190,"column":28}},{"start":{"line":190,"column":32},"end":{"line":190,"column":34}}]},"23":{"loc":{"start":{"line":191,"column":23},"end":{"line":191,"column":39}},"type":"binary-expr","locations":[{"start":{"line":191,"column":23},"end":{"line":191,"column":33}},{"start":{"line":191,"column":37},"end":{"line":191,"column":39}}]},"24":{"loc":{"start":{"line":192,"column":23},"end":{"line":192,"column":33}},"type":"binary-expr","locations":[{"start":{"line":192,"column":23},"end":{"line":192,"column":27}},{"start":{"line":192,"column":31},"end":{"line":192,"column":33}}]},"25":{"loc":{"start":{"line":193,"column":8},"end":{"line":193,"column":50}},"type":"cond-expr","locations":[{"start":{"line":193,"column":34},"end":{"line":193,"column":43}},{"start":{"line":193,"column":46},"end":{"line":193,"column":50}}]},"26":{"loc":{"start":{"line":220,"column":8},"end":{"line":220,"column":54}},"type":"cond-expr","locations":[{"start":{"line":220,"column":21},"end":{"line":220,"column":46}},{"start":{"line":220,"column":50},"end":{"line":220,"column":54}}]},"27":{"loc":{"start":{"line":221,"column":8},"end":{"line":221,"column":54}},"type":"cond-expr","locations":[{"start":{"line":221,"column":21},"end":{"line":221,"column":42}},{"start":{"line":221,"column":50},"end":{"line":221,"column":54}}]},"28":{"loc":{"start":{"line":222,"column":8},"end":{"line":222,"column":54}},"type":"cond-expr","locations":[{"start":{"line":222,"column":21},"end":{"line":222,"column":47}},{"start":{"line":222,"column":50},"end":{"line":222,"column":54}}]},"29":{"loc":{"start":{"line":223,"column":8},"end":{"line":223,"column":54}},"type":"cond-expr","locations":[{"start":{"line":223,"column":21},"end":{"line":223,"column":41}},{"start":{"line":223,"column":50},"end":{"line":223,"column":54}}]},"30":{"loc":{"start":{"line":228,"column":4},"end":{"line":230,"column":5}},"type":"if","locations":[{"start":{"line":228,"column":4},"end":{"line":230,"column":5}},{"start":{},"end":{}}]}},"s":{"0":1,"1":1,"2":1,"3":1,"4":1,"5":0,"6":1,"7":0,"8":1,"9":3,"10":3,"11":2,"12":1,"13":1,"14":1,"15":5,"16":5,"17":5,"18":4,"19":1,"20":3,"21":3,"22":3,"23":2,"24":2,"25":3,"26":3,"27":2,"28":3,"29":2,"30":3,"31":2,"32":3,"33":1,"34":3,"35":3,"36":1,"37":1,"38":1,"39":3,"40":3,"41":2,"42":1,"43":1,"44":1,"45":1,"46":1,"47":4,"48":4,"49":4,"50":4,"51":1,"52":3,"53":2,"54":1,"55":1,"56":1,"57":3,"58":3,"59":3,"60":2,"61":1,"62":1,"63":1,"64":4,"65":4,"66":4,"67":3,"68":1,"69":2,"70":1,"71":1,"72":1},"f":{"0":0,"1":0,"2":3,"3":5,"4":3,"5":3,"6":4,"7":3,"8":4},"b":{"0":[5,3],"1":[1,3],"2":[2,1],"3":[2,0],"4":[2,1],"5":[2,1],"6":[2,1],"7":[1,2],"8":[3,1],"9":[3,1],"10":[3,1],"11":[3,1],"12":[1,1],"13":[1,3],"14":[3,1],"15":[3,3],"16":[3,3],"17":[3,2],"18":[0,3],"19":[3,2],"20":[3,1],"21":[3,3],"22":[3,2],"23":[3,3],"24":[3,2],"25":[1,2],"26":[0,4],"27":[0,4],"28":[0,4],"29":[0,4],"30":[1,2]}}
,"/home/tsatsral/Documents/lms-websystem /server/src/routes/submissions.ts": {"path":"/home/tsatsral/Documents/lms-websystem /server/src/routes/submissions.ts","statementMap":{"0":{"start":{"line":1,"column":0},"end":{"line":1,"column":52}},"1":{"start":{"line":2,"column":0},"end":{"line":2,"column":26}},"2":{"start":{"line":4,"column":15},"end":{"line":4,"column":23}},"3":{"start":{"line":5,"column":13},"end":{"line":5,"column":69}},"4":{"start":{"line":8,"column":0},"end":{"line":23,"column":3}},"5":{"start":{"line":9,"column":2},"end":{"line":22,"column":3}},"6":{"start":{"line":10,"column":85},"end":{"line":10,"column":93}},"7":{"start":{"line":12,"column":19},"end":{"line":15,"column":null}},"8":{"start":{"line":18,"column":4},"end":{"line":18,"column":60}},"9":{"start":{"line":20,"column":4},"end":{"line":20,"column":44}},"10":{"start":{"line":21,"column":4},"end":{"line":21,"column":68}},"11":{"start":{"line":26,"column":0},"end":{"line":44,"column":3}},"12":{"start":{"line":27,"column":2},"end":{"line":43,"column":3}},"13":{"start":{"line":28,"column":19},"end":{"line":38,"column":null}},"14":{"start":{"line":40,"column":4},"end":{"line":40,"column":58}},"15":{"start":{"line":42,"column":4},"end":{"line":42,"column":61}},"16":{"start":{"line":47,"column":0},"end":{"line":61,"column":3}},"17":{"start":{"line":48,"column":2},"end":{"line":60,"column":3}},"18":{"start":{"line":49,"column":19},"end":{"line":55,"column":null}},"19":{"start":{"line":57,"column":4},"end":{"line":57,"column":58}},"20":{"start":{"line":59,"column":4},"end":{"line":59,"column":61}},"21":{"start":{"line":64,"column":0},"end":{"line":79,"column":3}},"22":{"start":{"line":65,"column":2},"end":{"line":78,"column":3}},"23":{"start":{"line":66,"column":52},"end":{"line":66,"column":60}},"24":{"start":{"line":68,"column":4},"end":{"line":73,"column":6}},"25":{"start":{"line":75,"column":4},"end":{"line":75,"column":32}},"26":{"start":{"line":77,"column":4},"end":{"line":77,"column":70}},"27":{"start":{"line":82,"column":0},"end":{"line":92,"column":3}},"28":{"start":{"line":83,"column":2},"end":{"line":91,"column":3}},"29":{"start":{"line":84,"column":19},"end":{"line":86,"column":null}},"30":{"start":{"line":88,"column":4},"end":{"line":88,"column":55}},"31":{"start":{"line":90,"column":4},"end":{"line":90,"column":61}},"32":{"start":{"line":94,"column":0},"end":{"line":94,"column":22}}},"fnMap":{"0":{"name":"(anonymous_0)","decl":{"start":{"line":8,"column":17},"end":{"line":8,"column":22}},"loc":{"start":{"line":8,"column":55},"end":{"line":23,"column":1}}},"1":{"name":"(anonymous_1)","decl":{"start":{"line":26,"column":35},"end":{"line":26,"column":40}},"loc":{"start":{"line":26,"column":73},"end":{"line":44,"column":1}}},"2":{"name":"(anonymous_2)","decl":{"start":{"line":47,"column":19},"end":{"line":47,"column":24}},"loc":{"start":{"line":47,"column":57},"end":{"line":61,"column":1}}},"3":{"name":"(anonymous_3)","decl":{"start":{"line":64,"column":25},"end":{"line":64,"column":30}},"loc":{"start":{"line":64,"column":63},"end":{"line":79,"column":1}}},"4":{"name":"(anonymous_4)","decl":{"start":{"line":82,"column":36},"end":{"line":82,"column":41}},"loc":{"start":{"line":82,"column":74},"end":{"line":92,"column":1}}}},"branchMap":{},"s":{"0":1,"1":1,"2":1,"3":1,"4":1,"5":3,"6":3,"7":3,"8":2,"9":1,"10":1,"11":1,"12":4,"13":4,"14":3,"15":1,"16":1,"17":4,"18":4,"19":3,"20":1,"21":1,"22":3,"23":3,"24":3,"25":2,"26":1,"27":1,"28":3,"29":3,"30":2,"31":1,"32":1},"f":{"0":3,"1":4,"2":4,"3":3,"4":3},"b":{}}
}
