TN:
SF:src/routes/auth.ts
FN:9,(anonymous_1)
FN:42,(anonymous_2)
FN:69,(anonymous_3)
FNF:3
FNH:3
FNDA:4,(anonymous_1)
FNDA:4,(anonymous_2)
FNDA:4,(anonymous_3)
DA:1,1
DA:2,1
DA:3,1
DA:4,1
DA:6,1
DA:7,1
DA:9,1
DA:10,4
DA:11,4
DA:12,4
DA:14,3
DA:15,1
DA:18,2
DA:19,2
DA:21,2
DA:22,1
DA:25,1
DA:31,1
DA:37,1
DA:38,1
DA:42,1
DA:43,4
DA:44,4
DA:45,4
DA:47,4
DA:52,2
DA:53,2
DA:59,2
DA:61,2
DA:62,1
DA:64,1
DA:65,1
DA:69,1
DA:70,4
DA:71,4
DA:72,4
DA:74,3
DA:75,1
DA:77,1
DA:79,2
DA:83,1
LF:41
LH:41
BRDA:14,0,0,1
BRDA:14,0,1,2
BRDA:21,1,0,1
BRDA:21,1,1,1
BRDA:27,2,0,1
BRDA:27,2,1,0
BRDA:44,3,0,4
BRDA:55,4,0,2
BRDA:55,4,1,0
BRDA:61,5,0,1
BRDA:61,5,1,1
BRDA:72,6,0,1
BRDA:72,6,1,3
BRDA:74,7,0,3
BRDA:74,7,1,0
BRF:15
BRH:12
end_of_record
TN:
SF:src/routes/courses.ts
FN:22,(anonymous_0)
FN:40,(anonymous_1)
FN:43,(anonymous_2)
FN:64,(anonymous_3)
FN:77,(anonymous_4)
FN:112,(anonymous_5)
FN:129,(anonymous_6)
FN:180,(anonymous_7)
FN:204,(anonymous_8)
FNF:9
FNH:7
FNDA:0,(anonymous_0)
FNDA:0,(anonymous_1)
FNDA:3,(anonymous_2)
FNDA:5,(anonymous_3)
FNDA:3,(anonymous_4)
FNDA:3,(anonymous_5)
FNDA:4,(anonymous_6)
FNDA:3,(anonymous_7)
FNDA:4,(anonymous_8)
DA:1,1
DA:2,1
DA:4,1
DA:5,1
DA:8,1
DA:22,0
DA:24,1
DA:40,0
DA:43,1
DA:44,3
DA:45,3
DA:55,2
DA:57,1
DA:58,1
DA:64,1
DA:65,5
DA:66,5
DA:68,5
DA:72,4
DA:73,1
DA:76,3
DA:78,3
DA:79,3
DA:80,2
DA:84,2
DA:87,3
DA:88,3
DA:89,3
DA:90,3
DA:91,3
DA:93,3
DA:104,3
DA:106,1
DA:107,1
DA:112,1
DA:113,3
DA:114,3
DA:118,2
DA:119,1
DA:121,1
DA:123,1
DA:124,1
DA:129,1
DA:130,4
DA:131,4
DA:140,4
DA:142,4
DA:144,3
DA:172,2
DA:174,1
DA:175,1
DA:180,1
DA:181,3
DA:182,3
DA:183,3
DA:196,2
DA:198,1
DA:199,1
DA:204,1
DA:205,4
DA:206,4
DA:207,4
DA:228,3
DA:229,1
DA:231,2
DA:233,1
DA:234,1
DA:238,1
LF:68
LH:66
BRDA:66,0,0,5
BRDA:66,0,1,3
BRDA:72,1,0,1
BRDA:72,1,1,3
BRDA:79,2,0,2
BRDA:79,2,1,1
BRDA:84,3,0,2
BRDA:84,3,1,0
BRDA:88,4,0,2
BRDA:88,4,1,1
BRDA:89,5,0,2
BRDA:89,5,1,1
BRDA:90,6,0,2
BRDA:90,6,1,1
BRDA:91,7,0,1
BRDA:91,7,1,2
BRDA:95,8,0,3
BRDA:95,8,1,1
BRDA:96,9,0,3
BRDA:96,9,1,1
BRDA:97,10,0,3
BRDA:97,10,1,1
BRDA:98,11,0,3
BRDA:98,11,1,1
BRDA:118,12,0,1
BRDA:118,12,1,1
BRDA:142,13,0,1
BRDA:142,13,1,3
BRDA:164,14,0,3
BRDA:164,14,1,1
BRDA:165,15,0,3
BRDA:165,15,1,3
BRDA:166,16,0,3
BRDA:166,16,1,3
BRDA:167,17,0,3
BRDA:167,17,1,2
BRDA:168,18,0,0
BRDA:168,18,1,3
BRDA:169,19,0,3
BRDA:169,19,1,2
BRDA:188,20,0,3
BRDA:188,20,1,1
BRDA:189,21,0,3
BRDA:189,21,1,3
BRDA:190,22,0,3
BRDA:190,22,1,2
BRDA:191,23,0,3
BRDA:191,23,1,3
BRDA:192,24,0,3
BRDA:192,24,1,2
BRDA:193,25,0,1
BRDA:193,25,1,2
BRDA:220,26,0,0
BRDA:220,26,1,4
BRDA:221,27,0,0
BRDA:221,27,1,4
BRDA:222,28,0,0
BRDA:222,28,1,4
BRDA:223,29,0,0
BRDA:223,29,1,4
BRDA:228,30,0,1
BRDA:228,30,1,2
BRF:62
BRH:56
end_of_record
TN:
SF:src/routes/submissions.ts
FN:8,(anonymous_0)
FN:26,(anonymous_1)
FN:47,(anonymous_2)
FN:64,(anonymous_3)
FN:82,(anonymous_4)
FNF:5
FNH:5
FNDA:3,(anonymous_0)
FNDA:4,(anonymous_1)
FNDA:4,(anonymous_2)
FNDA:3,(anonymous_3)
FNDA:3,(anonymous_4)
DA:1,1
DA:2,1
DA:4,1
DA:5,1
DA:8,1
DA:9,3
DA:10,3
DA:12,3
DA:18,2
DA:20,1
DA:21,1
DA:26,1
DA:27,4
DA:28,4
DA:40,3
DA:42,1
DA:47,1
DA:48,4
DA:49,4
DA:57,3
DA:59,1
DA:64,1
DA:65,3
DA:66,3
DA:68,3
DA:75,2
DA:77,1
DA:82,1
DA:83,3
DA:84,3
DA:88,2
DA:90,1
DA:94,1
LF:33
LH:33
BRF:0
BRH:0
end_of_record
